<?xml version="1.0" encoding="UTF-8"?>
<!-- Generated by org.testng.reporters.JUnitXMLReporter -->
<testsuite ignored="0" hostname="DESKTOP-4CMAMAA" failures="0" tests="4" name="Test" time="0.133" errors="0" timestamp="2024-09-14T11:46:13 IST">
  <testcase classname="sample.selenium" name="cucumber" time="0.013"/>
  <testcase classname="sample.selenium" name="testng" time="0.002"/>
  <testcase classname="sample.Appium" name="appium" time="0.006"/>
  <testcase classname="sample.Appium" name="mtest" time="0.003"/>
</testsuite> <!-- Test -->
