<?xml version="1.0" encoding="UTF-8"?>
<testng-results ignored="0" total="4" passed="4" failed="0" skipped="0">
  <reporter-output>
  </reporter-output>
  <suite started-at="2024-09-14T11:46:13 IST" name="Suite" finished-at="2024-09-14T11:46:13 IST" duration-ms="133">
    <groups>
    </groups>
    <test started-at="2024-09-14T11:46:13 IST" name="Test" finished-at="2024-09-14T11:46:13 IST" duration-ms="133">
      <class name="sample.selenium">
        <test-method signature="cucumber()[pri:0, instance:sample.selenium@799f10e1]" started-at="2024-09-14T11:46:13 IST" name="cucumber" finished-at="2024-09-14T11:46:13 IST" duration-ms="13" status="PASS">
          <reporter-output>
          </reporter-output>
        </test-method> <!-- cucumber -->
        <test-method signature="testng()[pri:0, instance:sample.selenium@799f10e1]" started-at="2024-09-14T11:46:13 IST" name="testng" finished-at="2024-09-14T11:46:13 IST" duration-ms="2" status="PASS">
          <reporter-output>
          </reporter-output>
        </test-method> <!-- testng -->
      </class> <!-- sample.selenium -->
      <class name="sample.Appium">
        <test-method signature="appium()[pri:0, instance:sample.Appium@4135c3b]" started-at="2024-09-14T11:46:13 IST" name="appium" finished-at="2024-09-14T11:46:13 IST" duration-ms="6" status="PASS">
          <reporter-output>
          </reporter-output>
        </test-method> <!-- appium -->
        <test-method signature="mtest()[pri:0, instance:sample.Appium@4135c3b]" started-at="2024-09-14T11:46:13 IST" name="mtest" finished-at="2024-09-14T11:46:13 IST" duration-ms="3" status="PASS">
          <reporter-output>
          </reporter-output>
        </test-method> <!-- mtest -->
      </class> <!-- sample.Appium -->
    </test> <!-- Test -->
  </suite> <!-- Suite -->
</testng-results>
